2026-06-09 22:06:25,729 - WARNING - trukly - Login fallido: usuario inexistente fafdsf
2026-06-09 22:19:35,343 - WARNING - trukly - Login fallido: contrasena incorrecta para admin1
2026-06-10 00:16:29,671 - WARNING - trukly - Login fallido: contrasena incorrecta para admin1
2026-06-10 10:47:16,047 - WARNING - trukly - Login fallido: contrasena incorrecta para mecanico1
2026-06-10 10:47:19,534 - WARNING - trukly - Login fallido: contrasena incorrecta para mecanico1
2026-06-10 12:34:37,872 - WARNING - trukly - Login fallido: contrasena incorrecta para Mecanico1
2026-06-10 14:13:49,342 - WARNING - trukly - Login fallido: contrasena incorrecta para operador
2026-06-10 14:13:50,562 - WARNING - trukly - Login fallido: contrasena incorrecta para operador
2026-06-10 14:13:52,518 - WARNING - trukly - Login fallido: contrasena incorrecta para operador
2026-06-10 23:16:23,598 - WARNING - trukly - Login fallido: contrasena incorrecta para Mecanico1
2026-06-10 23:17:04,118 - WARNING - trukly - Login fallido: contrasena incorrecta para Mecanico1
2026-06-11 03:28:48,340 - WARNING - trukly - Login fallido: usuario inexistente admin
2026-06-11 03:28:51,775 - WARNING - trukly - Login fallido: usuario inexistente admin
2026-06-13 17:59:15,549 - WARNING - trukly - Login fallido: contrasena incorrecta para chofer
2026-06-13 18:12:11,220 - ERROR - trukly - Error al listar reportes del chofer 4
Traceback (most recent call last):
  File "C:\Users\juand\OneDrive\Documentos\GitHub\Trukly\backend\controllers\chofer_controller.py", line 90, in listar_reportes_propios
    reportes = chofer.obtener_mis_reportes(ReporteModel.query)
TypeError: Chofer.obtener_mis_reportes() missing 1 required positional argument: 'reporte_model_query'
2026-06-13 18:12:11,533 - ERROR - trukly - Error al listar reportes del chofer 4
Traceback (most recent call last):
  File "C:\Users\juand\OneDrive\Documentos\GitHub\Trukly\backend\controllers\chofer_controller.py", line 90, in listar_reportes_propios
    reportes = chofer.obtener_mis_reportes(ReporteModel.query)
TypeError: Chofer.obtener_mis_reportes() missing 1 required positional argument: 'reporte_model_query'
2026-06-13 18:13:24,079 - ERROR - trukly - Error al listar reportes del chofer 4
Traceback (most recent call last):
  File "C:\Users\juand\OneDrive\Documentos\GitHub\Trukly\backend\controllers\chofer_controller.py", line 90, in listar_reportes_propios
    reportes = chofer.obtener_mis_reportes(ReporteModel.query)
TypeError: Chofer.obtener_mis_reportes() missing 1 required positional argument: 'reporte_model_query'
2026-06-13 18:13:24,388 - ERROR - trukly - Error al listar reportes del chofer 4
Traceback (most recent call last):
  File "C:\Users\juand\OneDrive\Documentos\GitHub\Trukly\backend\controllers\chofer_controller.py", line 90, in listar_reportes_propios
    reportes = chofer.obtener_mis_reportes(ReporteModel.query)
TypeError: Chofer.obtener_mis_reportes() missing 1 required positional argument: 'reporte_model_query'
2026-06-13 18:13:53,443 - ERROR - trukly - Error al listar reportes del chofer 4
Traceback (most recent call last):
  File "C:\Users\juand\OneDrive\Documentos\GitHub\Trukly\backend\controllers\chofer_controller.py", line 90, in listar_reportes_propios
    reportes = chofer.obtener_mis_reportes(ReporteModel.query)
TypeError: Chofer.obtener_mis_reportes() missing 1 required positional argument: 'reporte_model_query'
2026-06-13 18:14:59,416 - ERROR - trukly - Error al listar reportes del chofer 4
Traceback (most recent call last):
  File "C:\Users\juand\OneDrive\Documentos\GitHub\Trukly\backend\controllers\chofer_controller.py", line 90, in listar_reportes_propios
    reportes = chofer.obtener_mis_reportes(ReporteModel.query)
TypeError: Chofer.obtener_mis_reportes() missing 1 required positional argument: 'reporte_model_query'
2026-06-13 18:35:20,693 - ERROR - trukly - Error al crear viaje por operador 3
Traceback (most recent call last):
  File "C:\Users\juand\OneDrive\Documentos\GitHub\Trukly\backend\venv\Lib\site-packages\sqlalchemy\engine\base.py", line 1967, in _exec_single_context
    self.dialect.do_execute(
    ~~~~~~~~~~~~~~~~~~~~~~~^
        cursor, str_statement, effective_parameters, context
        ^^^^^^^^^^^^^^^^^^^^^^^^^^^^^^^^^^^^^^^^^^^^^^^^^^^^
    )
    ^
  File "C:\Users\juand\OneDrive\Documentos\GitHub\Trukly\backend\venv\Lib\site-packages\sqlalchemy\engine\default.py", line 952, in do_execute
    cursor.execute(statement, parameters)
    ~~~~~~~~~~~~~~^^^^^^^^^^^^^^^^^^^^^^^
  File "C:\Users\juand\OneDrive\Documentos\GitHub\Trukly\backend\venv\Lib\site-packages\pymysql\cursors.py", line 157, in execute
    result = self._query(query)
  File "C:\Users\juand\OneDrive\Documentos\GitHub\Trukly\backend\venv\Lib\site-packages\pymysql\cursors.py", line 328, in _query
    conn.query(q)
    ~~~~~~~~~~^^^
  File "C:\Users\juand\OneDrive\Documentos\GitHub\Trukly\backend\venv\Lib\site-packages\pymysql\connections.py", line 575, in query
    self._affected_rows = self._read_query_result(unbuffered=unbuffered)
                          ~~~~~~~~~~~~~~~~~~~~~~~^^^^^^^^^^^^^^^^^^^^^^^
  File "C:\Users\juand\OneDrive\Documentos\GitHub\Trukly\backend\venv\Lib\site-packages\pymysql\connections.py", line 826, in _read_query_result
    result.read()
    ~~~~~~~~~~~^^
  File "C:\Users\juand\OneDrive\Documentos\GitHub\Trukly\backend\venv\Lib\site-packages\pymysql\connections.py", line 1203, in read
    first_packet = self.connection._read_packet()
  File "C:\Users\juand\OneDrive\Documentos\GitHub\Trukly\backend\venv\Lib\site-packages\pymysql\connections.py", line 782, in _read_packet
    packet.raise_for_error()
    ~~~~~~~~~~~~~~~~~~~~~~^^
  File "C:\Users\juand\OneDrive\Documentos\GitHub\Trukly\backend\venv\Lib\site-packages\pymysql\protocol.py", line 219, in raise_for_error
    err.raise_mysql_exception(self._data)
    ~~~~~~~~~~~~~~~~~~~~~~~~~^^^^^^^^^^^^
  File "C:\Users\juand\OneDrive\Documentos\GitHub\Trukly\backend\venv\Lib\site-packages\pymysql\err.py", line 150, in raise_mysql_exception
    raise errorclass(errno, errval)
pymysql.err.IntegrityError: (1452, 'Cannot add or update a child row: a foreign key constraint fails (`trukly`.`viaje`, CONSTRAINT `fk_Viaje_Chofer` FOREIGN KEY (`Chofer_Usuario_idUsuario`) REFERENCES `chofer` (`Usuario_idUsuario`))')

The above exception was the direct cause of the following exception:

Traceback (most recent call last):
  File "C:\Users\juand\OneDrive\Documentos\GitHub\Trukly\backend\controllers\operador_controller.py", line 101, in crear_viaje
    db.session.commit()
    ~~~~~~~~~~~~~~~~~^^
  File "C:\Users\juand\OneDrive\Documentos\GitHub\Trukly\backend\venv\Lib\site-packages\sqlalchemy\orm\scoping.py", line 597, in commit
    return self._proxied.commit()
           ~~~~~~~~~~~~~~~~~~~~^^
  File "C:\Users\juand\OneDrive\Documentos\GitHub\Trukly\backend\venv\Lib\site-packages\sqlalchemy\orm\session.py", line 2030, in commit
    trans.commit(_to_root=True)
    ~~~~~~~~~~~~^^^^^^^^^^^^^^^
  File "<string>", line 2, in commit
  File "C:\Users\juand\OneDrive\Documentos\GitHub\Trukly\backend\venv\Lib\site-packages\sqlalchemy\orm\state_changes.py", line 137, in _go
    ret_value = fn(self, *arg, **kw)
  File "C:\Users\juand\OneDrive\Documentos\GitHub\Trukly\backend\venv\Lib\site-packages\sqlalchemy\orm\session.py", line 1311, in commit
    self._prepare_impl()
    ~~~~~~~~~~~~~~~~~~^^
  File "<string>", line 2, in _prepare_impl
  File "C:\Users\juand\OneDrive\Documentos\GitHub\Trukly\backend\venv\Lib\site-packages\sqlalchemy\orm\state_changes.py", line 137, in _go
    ret_value = fn(self, *arg, **kw)
  File "C:\Users\juand\OneDrive\Documentos\GitHub\Trukly\backend\venv\Lib\site-packages\sqlalchemy\orm\session.py", line 1286, in _prepare_impl
    self.session.flush()
    ~~~~~~~~~~~~~~~~~~^^
  File "C:\Users\juand\OneDrive\Documentos\GitHub\Trukly\backend\venv\Lib\site-packages\sqlalchemy\orm\session.py", line 4331, in flush
    self._flush(objects)
    ~~~~~~~~~~~^^^^^^^^^
  File "C:\Users\juand\OneDrive\Documentos\GitHub\Trukly\backend\venv\Lib\site-packages\sqlalchemy\orm\session.py", line 4466, in _flush
    with util.safe_reraise():
         ~~~~~~~~~~~~~~~~~^^
  File "C:\Users\juand\OneDrive\Documentos\GitHub\Trukly\backend\venv\Lib\site-packages\sqlalchemy\util\langhelpers.py", line 121, in __exit__
    raise exc_value.with_traceback(exc_tb)
  File "C:\Users\juand\OneDrive\Documentos\GitHub\Trukly\backend\venv\Lib\site-packages\sqlalchemy\orm\session.py", line 4427, in _flush
    flush_context.execute()
    ~~~~~~~~~~~~~~~~~~~~~^^
  File "C:\Users\juand\OneDrive\Documentos\GitHub\Trukly\backend\venv\Lib\site-packages\sqlalchemy\orm\unitofwork.py", line 466, in execute
    rec.execute(self)
    ~~~~~~~~~~~^^^^^^
  File "C:\Users\juand\OneDrive\Documentos\GitHub\Trukly\backend\venv\Lib\site-packages\sqlalchemy\orm\unitofwork.py", line 642, in execute
    util.preloaded.orm_persistence.save_obj(
    ~~~~~~~~~~~~~~~~~~~~~~~~~~~~~~~~~~~~~~~^
        self.mapper,
        ^^^^^^^^^^^^
        uow.states_for_mapper_hierarchy(self.mapper, False, False),
        ^^^^^^^^^^^^^^^^^^^^^^^^^^^^^^^^^^^^^^^^^^^^^^^^^^^^^^^^^^^
        uow,
        ^^^^
    )
    ^
  File "C:\Users\juand\OneDrive\Documentos\GitHub\Trukly\backend\venv\Lib\site-packages\sqlalchemy\orm\persistence.py", line 93, in save_obj
    _emit_insert_statements(
    ~~~~~~~~~~~~~~~~~~~~~~~^
        base_mapper,
        ^^^^^^^^^^^^
    ...<3 lines>...
        insert,
        ^^^^^^^
    )
    ^
  File "C:\Users\juand\OneDrive\Documentos\GitHub\Trukly\backend\venv\Lib\site-packages\sqlalchemy\orm\persistence.py", line 1233, in _emit_insert_statements
    result = connection.execute(
        statement,
        params,
        execution_options=execution_options,
    )
  File "C:\Users\juand\OneDrive\Documentos\GitHub\Trukly\backend\venv\Lib\site-packages\sqlalchemy\engine\base.py", line 1419, in execute
    return meth(
        self,
        distilled_parameters,
        execution_options or NO_OPTIONS,
    )
  File "C:\Users\juand\OneDrive\Documentos\GitHub\Trukly\backend\venv\Lib\site-packages\sqlalchemy\sql\elements.py", line 527, in _execute_on_connection
    return connection._execute_clauseelement(
           ~~~~~~~~~~~~~~~~~~~~~~~~~~~~~~~~~^
        self, distilled_params, execution_options
        ^^^^^^^^^^^^^^^^^^^^^^^^^^^^^^^^^^^^^^^^^
    )
    ^
  File "C:\Users\juand\OneDrive\Documentos\GitHub\Trukly\backend\venv\Lib\site-packages\sqlalchemy\engine\base.py", line 1641, in _execute_clauseelement
    ret = self._execute_context(
        dialect,
    ...<8 lines>...
        cache_hit=cache_hit,
    )
  File "C:\Users\juand\OneDrive\Documentos\GitHub\Trukly\backend\venv\Lib\site-packages\sqlalchemy\engine\base.py", line 1846, in _execute_context
    return self._exec_single_context(
           ~~~~~~~~~~~~~~~~~~~~~~~~~^
        dialect, context, statement, parameters
        ^^^^^^^^^^^^^^^^^^^^^^^^^^^^^^^^^^^^^^^
    )
    ^
  File "C:\Users\juand\OneDrive\Documentos\GitHub\Trukly\backend\venv\Lib\site-packages\sqlalchemy\engine\base.py", line 1986, in _exec_single_context
    self._handle_dbapi_exception(
    ~~~~~~~~~~~~~~~~~~~~~~~~~~~~^
        e, str_statement, effective_parameters, cursor, context
        ^^^^^^^^^^^^^^^^^^^^^^^^^^^^^^^^^^^^^^^^^^^^^^^^^^^^^^^
    )
    ^
  File "C:\Users\juand\OneDrive\Documentos\GitHub\Trukly\backend\venv\Lib\site-packages\sqlalchemy\engine\base.py", line 2363, in _handle_dbapi_exception
    raise sqlalchemy_exception.with_traceback(exc_info[2]) from e
  File "C:\Users\juand\OneDrive\Documentos\GitHub\Trukly\backend\venv\Lib\site-packages\sqlalchemy\engine\base.py", line 1967, in _exec_single_context
    self.dialect.do_execute(
    ~~~~~~~~~~~~~~~~~~~~~~~^
        cursor, str_statement, effective_parameters, context
        ^^^^^^^^^^^^^^^^^^^^^^^^^^^^^^^^^^^^^^^^^^^^^^^^^^^^
    )
    ^
  File "C:\Users\juand\OneDrive\Documentos\GitHub\Trukly\backend\venv\Lib\site-packages\sqlalchemy\engine\default.py", line 952, in do_execute
    cursor.execute(statement, parameters)
    ~~~~~~~~~~~~~~^^^^^^^^^^^^^^^^^^^^^^^
  File "C:\Users\juand\OneDrive\Documentos\GitHub\Trukly\backend\venv\Lib\site-packages\pymysql\cursors.py", line 157, in execute
    result = self._query(query)
  File "C:\Users\juand\OneDrive\Documentos\GitHub\Trukly\backend\venv\Lib\site-packages\pymysql\cursors.py", line 328, in _query
    conn.query(q)
    ~~~~~~~~~~^^^
  File "C:\Users\juand\OneDrive\Documentos\GitHub\Trukly\backend\venv\Lib\site-packages\pymysql\connections.py", line 575, in query
    self._affected_rows = self._read_query_result(unbuffered=unbuffered)
                          ~~~~~~~~~~~~~~~~~~~~~~~^^^^^^^^^^^^^^^^^^^^^^^
  File "C:\Users\juand\OneDrive\Documentos\GitHub\Trukly\backend\venv\Lib\site-packages\pymysql\connections.py", line 826, in _read_query_result
    result.read()
    ~~~~~~~~~~~^^
  File "C:\Users\juand\OneDrive\Documentos\GitHub\Trukly\backend\venv\Lib\site-packages\pymysql\connections.py", line 1203, in read
    first_packet = self.connection._read_packet()
  File "C:\Users\juand\OneDrive\Documentos\GitHub\Trukly\backend\venv\Lib\site-packages\pymysql\connections.py", line 782, in _read_packet
    packet.raise_for_error()
    ~~~~~~~~~~~~~~~~~~~~~~^^
  File "C:\Users\juand\OneDrive\Documentos\GitHub\Trukly\backend\venv\Lib\site-packages\pymysql\protocol.py", line 219, in raise_for_error
    err.raise_mysql_exception(self._data)
    ~~~~~~~~~~~~~~~~~~~~~~~~~^^^^^^^^^^^^
  File "C:\Users\juand\OneDrive\Documentos\GitHub\Trukly\backend\venv\Lib\site-packages\pymysql\err.py", line 150, in raise_mysql_exception
    raise errorclass(errno, errval)
sqlalchemy.exc.IntegrityError: (pymysql.err.IntegrityError) (1452, 'Cannot add or update a child row: a foreign key constraint fails (`trukly`.`viaje`, CONSTRAINT `fk_Viaje_Chofer` FOREIGN KEY (`Chofer_Usuario_idUsuario`) REFERENCES `chofer` (`Usuario_idUsuario`))')
[SQL: INSERT INTO `Viaje` (`OperadorLogistico_Usuario_idUsuario`, `Chofer_Usuario_idUsuario`, `Camion_id_camion`, fecha_salida, fecha_llegada, origen, destino, estado, observaciones, recorrido) VALUES (%(OperadorLogistico_Usuario_idUsuario)s, %(Chofer_Usuario_idUsuario)s, %(Camion_id_camion)s, %(fecha_salida)s, %(fecha_llegada)s, %(origen)s, %(destino)s, %(estado)s, %(observaciones)s, %(recorrido)s)]
[parameters: {'OperadorLogistico_Usuario_idUsuario': 3, 'Chofer_Usuario_idUsuario': 2, 'Camion_id_camion': 3, 'fecha_salida': '2026-06-11', 'fecha_llegada': '2026-06-16', 'origen': 'Chacabuco', 'destino': 'Lujja', 'estado': 'pendiente', 'observaciones': '', 'recorrido': 300.0}]
(Background on this error at: https://sqlalche.me/e/20/gkpj)
2026-06-13 18:35:26,456 - ERROR - trukly - Error al crear viaje por operador 3
Traceback (most recent call last):
  File "C:\Users\juand\OneDrive\Documentos\GitHub\Trukly\backend\venv\Lib\site-packages\sqlalchemy\engine\base.py", line 1967, in _exec_single_context
    self.dialect.do_execute(
    ~~~~~~~~~~~~~~~~~~~~~~~^
        cursor, str_statement, effective_parameters, context
        ^^^^^^^^^^^^^^^^^^^^^^^^^^^^^^^^^^^^^^^^^^^^^^^^^^^^
    )
    ^
  File "C:\Users\juand\OneDrive\Documentos\GitHub\Trukly\backend\venv\Lib\site-packages\sqlalchemy\engine\default.py", line 952, in do_execute
    cursor.execute(statement, parameters)
    ~~~~~~~~~~~~~~^^^^^^^^^^^^^^^^^^^^^^^
  File "C:\Users\juand\OneDrive\Documentos\GitHub\Trukly\backend\venv\Lib\site-packages\pymysql\cursors.py", line 157, in execute
    result = self._query(query)
  File "C:\Users\juand\OneDrive\Documentos\GitHub\Trukly\backend\venv\Lib\site-packages\pymysql\cursors.py", line 328, in _query
    conn.query(q)
    ~~~~~~~~~~^^^
  File "C:\Users\juand\OneDrive\Documentos\GitHub\Trukly\backend\venv\Lib\site-packages\pymysql\connections.py", line 575, in query
    self._affected_rows = self._read_query_result(unbuffered=unbuffered)
                          ~~~~~~~~~~~~~~~~~~~~~~~^^^^^^^^^^^^^^^^^^^^^^^
  File "C:\Users\juand\OneDrive\Documentos\GitHub\Trukly\backend\venv\Lib\site-packages\pymysql\connections.py", line 826, in _read_query_result
    result.read()
    ~~~~~~~~~~~^^
  File "C:\Users\juand\OneDrive\Documentos\GitHub\Trukly\backend\venv\Lib\site-packages\pymysql\connections.py", line 1203, in read
    first_packet = self.connection._read_packet()
  File "C:\Users\juand\OneDrive\Documentos\GitHub\Trukly\backend\venv\Lib\site-packages\pymysql\connections.py", line 782, in _read_packet
    packet.raise_for_error()
    ~~~~~~~~~~~~~~~~~~~~~~^^
  File "C:\Users\juand\OneDrive\Documentos\GitHub\Trukly\backend\venv\Lib\site-packages\pymysql\protocol.py", line 219, in raise_for_error
    err.raise_mysql_exception(self._data)
    ~~~~~~~~~~~~~~~~~~~~~~~~~^^^^^^^^^^^^
  File "C:\Users\juand\OneDrive\Documentos\GitHub\Trukly\backend\venv\Lib\site-packages\pymysql\err.py", line 150, in raise_mysql_exception
    raise errorclass(errno, errval)
pymysql.err.IntegrityError: (1452, 'Cannot add or update a child row: a foreign key constraint fails (`trukly`.`viaje`, CONSTRAINT `fk_Viaje_Chofer` FOREIGN KEY (`Chofer_Usuario_idUsuario`) REFERENCES `chofer` (`Usuario_idUsuario`))')

The above exception was the direct cause of the following exception:

Traceback (most recent call last):
  File "C:\Users\juand\OneDrive\Documentos\GitHub\Trukly\backend\controllers\operador_controller.py", line 101, in crear_viaje
    db.session.commit()
    ~~~~~~~~~~~~~~~~~^^
  File "C:\Users\juand\OneDrive\Documentos\GitHub\Trukly\backend\venv\Lib\site-packages\sqlalchemy\orm\scoping.py", line 597, in commit
    return self._proxied.commit()
           ~~~~~~~~~~~~~~~~~~~~^^
  File "C:\Users\juand\OneDrive\Documentos\GitHub\Trukly\backend\venv\Lib\site-packages\sqlalchemy\orm\session.py", line 2030, in commit
    trans.commit(_to_root=True)
    ~~~~~~~~~~~~^^^^^^^^^^^^^^^
  File "<string>", line 2, in commit
  File "C:\Users\juand\OneDrive\Documentos\GitHub\Trukly\backend\venv\Lib\site-packages\sqlalchemy\orm\state_changes.py", line 137, in _go
    ret_value = fn(self, *arg, **kw)
  File "C:\Users\juand\OneDrive\Documentos\GitHub\Trukly\backend\venv\Lib\site-packages\sqlalchemy\orm\session.py", line 1311, in commit
    self._prepare_impl()
    ~~~~~~~~~~~~~~~~~~^^
  File "<string>", line 2, in _prepare_impl
  File "C:\Users\juand\OneDrive\Documentos\GitHub\Trukly\backend\venv\Lib\site-packages\sqlalchemy\orm\state_changes.py", line 137, in _go
    ret_value = fn(self, *arg, **kw)
  File "C:\Users\juand\OneDrive\Documentos\GitHub\Trukly\backend\venv\Lib\site-packages\sqlalchemy\orm\session.py", line 1286, in _prepare_impl
    self.session.flush()
    ~~~~~~~~~~~~~~~~~~^^
  File "C:\Users\juand\OneDrive\Documentos\GitHub\Trukly\backend\venv\Lib\site-packages\sqlalchemy\orm\session.py", line 4331, in flush
    self._flush(objects)
    ~~~~~~~~~~~^^^^^^^^^
  File "C:\Users\juand\OneDrive\Documentos\GitHub\Trukly\backend\venv\Lib\site-packages\sqlalchemy\orm\session.py", line 4466, in _flush
    with util.safe_reraise():
         ~~~~~~~~~~~~~~~~~^^
  File "C:\Users\juand\OneDrive\Documentos\GitHub\Trukly\backend\venv\Lib\site-packages\sqlalchemy\util\langhelpers.py", line 121, in __exit__
    raise exc_value.with_traceback(exc_tb)
  File "C:\Users\juand\OneDrive\Documentos\GitHub\Trukly\backend\venv\Lib\site-packages\sqlalchemy\orm\session.py", line 4427, in _flush
    flush_context.execute()
    ~~~~~~~~~~~~~~~~~~~~~^^
  File "C:\Users\juand\OneDrive\Documentos\GitHub\Trukly\backend\venv\Lib\site-packages\sqlalchemy\orm\unitofwork.py", line 466, in execute
    rec.execute(self)
    ~~~~~~~~~~~^^^^^^
  File "C:\Users\juand\OneDrive\Documentos\GitHub\Trukly\backend\venv\Lib\site-packages\sqlalchemy\orm\unitofwork.py", line 642, in execute
    util.preloaded.orm_persistence.save_obj(
    ~~~~~~~~~~~~~~~~~~~~~~~~~~~~~~~~~~~~~~~^
        self.mapper,
        ^^^^^^^^^^^^
        uow.states_for_mapper_hierarchy(self.mapper, False, False),
        ^^^^^^^^^^^^^^^^^^^^^^^^^^^^^^^^^^^^^^^^^^^^^^^^^^^^^^^^^^^
        uow,
        ^^^^
    )
    ^
  File "C:\Users\juand\OneDrive\Documentos\GitHub\Trukly\backend\venv\Lib\site-packages\sqlalchemy\orm\persistence.py", line 93, in save_obj
    _emit_insert_statements(
    ~~~~~~~~~~~~~~~~~~~~~~~^
        base_mapper,
        ^^^^^^^^^^^^
    ...<3 lines>...
        insert,
        ^^^^^^^
    )
    ^
  File "C:\Users\juand\OneDrive\Documentos\GitHub\Trukly\backend\venv\Lib\site-packages\sqlalchemy\orm\persistence.py", line 1233, in _emit_insert_statements
    result = connection.execute(
        statement,
        params,
        execution_options=execution_options,
    )
  File "C:\Users\juand\OneDrive\Documentos\GitHub\Trukly\backend\venv\Lib\site-packages\sqlalchemy\engine\base.py", line 1419, in execute
    return meth(
        self,
        distilled_parameters,
        execution_options or NO_OPTIONS,
    )
  File "C:\Users\juand\OneDrive\Documentos\GitHub\Trukly\backend\venv\Lib\site-packages\sqlalchemy\sql\elements.py", line 527, in _execute_on_connection
    return connection._execute_clauseelement(
           ~~~~~~~~~~~~~~~~~~~~~~~~~~~~~~~~~^
        self, distilled_params, execution_options
        ^^^^^^^^^^^^^^^^^^^^^^^^^^^^^^^^^^^^^^^^^
    )
    ^
  File "C:\Users\juand\OneDrive\Documentos\GitHub\Trukly\backend\venv\Lib\site-packages\sqlalchemy\engine\base.py", line 1641, in _execute_clauseelement
    ret = self._execute_context(
        dialect,
    ...<8 lines>...
        cache_hit=cache_hit,
    )
  File "C:\Users\juand\OneDrive\Documentos\GitHub\Trukly\backend\venv\Lib\site-packages\sqlalchemy\engine\base.py", line 1846, in _execute_context
    return self._exec_single_context(
           ~~~~~~~~~~~~~~~~~~~~~~~~~^
        dialect, context, statement, parameters
        ^^^^^^^^^^^^^^^^^^^^^^^^^^^^^^^^^^^^^^^
    )
    ^
  File "C:\Users\juand\OneDrive\Documentos\GitHub\Trukly\backend\venv\Lib\site-packages\sqlalchemy\engine\base.py", line 1986, in _exec_single_context
    self._handle_dbapi_exception(
    ~~~~~~~~~~~~~~~~~~~~~~~~~~~~^
        e, str_statement, effective_parameters, cursor, context
        ^^^^^^^^^^^^^^^^^^^^^^^^^^^^^^^^^^^^^^^^^^^^^^^^^^^^^^^
    )
    ^
  File "C:\Users\juand\OneDrive\Documentos\GitHub\Trukly\backend\venv\Lib\site-packages\sqlalchemy\engine\base.py", line 2363, in _handle_dbapi_exception
    raise sqlalchemy_exception.with_traceback(exc_info[2]) from e
  File "C:\Users\juand\OneDrive\Documentos\GitHub\Trukly\backend\venv\Lib\site-packages\sqlalchemy\engine\base.py", line 1967, in _exec_single_context
    self.dialect.do_execute(
    ~~~~~~~~~~~~~~~~~~~~~~~^
        cursor, str_statement, effective_parameters, context
        ^^^^^^^^^^^^^^^^^^^^^^^^^^^^^^^^^^^^^^^^^^^^^^^^^^^^
    )
    ^
  File "C:\Users\juand\OneDrive\Documentos\GitHub\Trukly\backend\venv\Lib\site-packages\sqlalchemy\engine\default.py", line 952, in do_execute
    cursor.execute(statement, parameters)
    ~~~~~~~~~~~~~~^^^^^^^^^^^^^^^^^^^^^^^
  File "C:\Users\juand\OneDrive\Documentos\GitHub\Trukly\backend\venv\Lib\site-packages\pymysql\cursors.py", line 157, in execute
    result = self._query(query)
  File "C:\Users\juand\OneDrive\Documentos\GitHub\Trukly\backend\venv\Lib\site-packages\pymysql\cursors.py", line 328, in _query
    conn.query(q)
    ~~~~~~~~~~^^^
  File "C:\Users\juand\OneDrive\Documentos\GitHub\Trukly\backend\venv\Lib\site-packages\pymysql\connections.py", line 575, in query
    self._affected_rows = self._read_query_result(unbuffered=unbuffered)
                          ~~~~~~~~~~~~~~~~~~~~~~~^^^^^^^^^^^^^^^^^^^^^^^
  File "C:\Users\juand\OneDrive\Documentos\GitHub\Trukly\backend\venv\Lib\site-packages\pymysql\connections.py", line 826, in _read_query_result
    result.read()
    ~~~~~~~~~~~^^
  File "C:\Users\juand\OneDrive\Documentos\GitHub\Trukly\backend\venv\Lib\site-packages\pymysql\connections.py", line 1203, in read
    first_packet = self.connection._read_packet()
  File "C:\Users\juand\OneDrive\Documentos\GitHub\Trukly\backend\venv\Lib\site-packages\pymysql\connections.py", line 782, in _read_packet
    packet.raise_for_error()
    ~~~~~~~~~~~~~~~~~~~~~~^^
  File "C:\Users\juand\OneDrive\Documentos\GitHub\Trukly\backend\venv\Lib\site-packages\pymysql\protocol.py", line 219, in raise_for_error
    err.raise_mysql_exception(self._data)
    ~~~~~~~~~~~~~~~~~~~~~~~~~^^^^^^^^^^^^
  File "C:\Users\juand\OneDrive\Documentos\GitHub\Trukly\backend\venv\Lib\site-packages\pymysql\err.py", line 150, in raise_mysql_exception
    raise errorclass(errno, errval)
sqlalchemy.exc.IntegrityError: (pymysql.err.IntegrityError) (1452, 'Cannot add or update a child row: a foreign key constraint fails (`trukly`.`viaje`, CONSTRAINT `fk_Viaje_Chofer` FOREIGN KEY (`Chofer_Usuario_idUsuario`) REFERENCES `chofer` (`Usuario_idUsuario`))')
[SQL: INSERT INTO `Viaje` (`OperadorLogistico_Usuario_idUsuario`, `Chofer_Usuario_idUsuario`, `Camion_id_camion`, fecha_salida, fecha_llegada, origen, destino, estado, observaciones, recorrido) VALUES (%(OperadorLogistico_Usuario_idUsuario)s, %(Chofer_Usuario_idUsuario)s, %(Camion_id_camion)s, %(fecha_salida)s, %(fecha_llegada)s, %(origen)s, %(destino)s, %(estado)s, %(observaciones)s, %(recorrido)s)]
[parameters: {'OperadorLogistico_Usuario_idUsuario': 3, 'Chofer_Usuario_idUsuario': 2, 'Camion_id_camion': 3, 'fecha_salida': '2026-06-11', 'fecha_llegada': '2026-06-16', 'origen': 'Chacabuco', 'destino': 'Lujja', 'estado': 'pendiente', 'observaciones': 'asdasdadsasd', 'recorrido': 300.0}]
(Background on this error at: https://sqlalche.me/e/20/gkpj)
2026-06-13 18:36:04,213 - ERROR - trukly - Error al crear viaje por operador 3
Traceback (most recent call last):
  File "C:\Users\juand\OneDrive\Documentos\GitHub\Trukly\backend\venv\Lib\site-packages\sqlalchemy\engine\base.py", line 1967, in _exec_single_context
    self.dialect.do_execute(
    ~~~~~~~~~~~~~~~~~~~~~~~^
        cursor, str_statement, effective_parameters, context
        ^^^^^^^^^^^^^^^^^^^^^^^^^^^^^^^^^^^^^^^^^^^^^^^^^^^^
    )
    ^
  File "C:\Users\juand\OneDrive\Documentos\GitHub\Trukly\backend\venv\Lib\site-packages\sqlalchemy\engine\default.py", line 952, in do_execute
    cursor.execute(statement, parameters)
    ~~~~~~~~~~~~~~^^^^^^^^^^^^^^^^^^^^^^^
  File "C:\Users\juand\OneDrive\Documentos\GitHub\Trukly\backend\venv\Lib\site-packages\pymysql\cursors.py", line 157, in execute
    result = self._query(query)
  File "C:\Users\juand\OneDrive\Documentos\GitHub\Trukly\backend\venv\Lib\site-packages\pymysql\cursors.py", line 328, in _query
    conn.query(q)
    ~~~~~~~~~~^^^
  File "C:\Users\juand\OneDrive\Documentos\GitHub\Trukly\backend\venv\Lib\site-packages\pymysql\connections.py", line 575, in query
    self._affected_rows = self._read_query_result(unbuffered=unbuffered)
                          ~~~~~~~~~~~~~~~~~~~~~~~^^^^^^^^^^^^^^^^^^^^^^^
  File "C:\Users\juand\OneDrive\Documentos\GitHub\Trukly\backend\venv\Lib\site-packages\pymysql\connections.py", line 826, in _read_query_result
    result.read()
    ~~~~~~~~~~~^^
  File "C:\Users\juand\OneDrive\Documentos\GitHub\Trukly\backend\venv\Lib\site-packages\pymysql\connections.py", line 1203, in read
    first_packet = self.connection._read_packet()
  File "C:\Users\juand\OneDrive\Documentos\GitHub\Trukly\backend\venv\Lib\site-packages\pymysql\connections.py", line 782, in _read_packet
    packet.raise_for_error()
    ~~~~~~~~~~~~~~~~~~~~~~^^
  File "C:\Users\juand\OneDrive\Documentos\GitHub\Trukly\backend\venv\Lib\site-packages\pymysql\protocol.py", line 219, in raise_for_error
    err.raise_mysql_exception(self._data)
    ~~~~~~~~~~~~~~~~~~~~~~~~~^^^^^^^^^^^^
  File "C:\Users\juand\OneDrive\Documentos\GitHub\Trukly\backend\venv\Lib\site-packages\pymysql\err.py", line 150, in raise_mysql_exception
    raise errorclass(errno, errval)
pymysql.err.IntegrityError: (1452, 'Cannot add or update a child row: a foreign key constraint fails (`trukly`.`viaje`, CONSTRAINT `fk_Viaje_Chofer` FOREIGN KEY (`Chofer_Usuario_idUsuario`) REFERENCES `chofer` (`Usuario_idUsuario`))')

The above exception was the direct cause of the following exception:

Traceback (most recent call last):
  File "C:\Users\juand\OneDrive\Documentos\GitHub\Trukly\backend\controllers\operador_controller.py", line 101, in crear_viaje
    db.session.commit()
    ~~~~~~~~~~~~~~~~~^^
  File "C:\Users\juand\OneDrive\Documentos\GitHub\Trukly\backend\venv\Lib\site-packages\sqlalchemy\orm\scoping.py", line 597, in commit
    return self._proxied.commit()
           ~~~~~~~~~~~~~~~~~~~~^^
  File "C:\Users\juand\OneDrive\Documentos\GitHub\Trukly\backend\venv\Lib\site-packages\sqlalchemy\orm\session.py", line 2030, in commit
    trans.commit(_to_root=True)
    ~~~~~~~~~~~~^^^^^^^^^^^^^^^
  File "<string>", line 2, in commit
  File "C:\Users\juand\OneDrive\Documentos\GitHub\Trukly\backend\venv\Lib\site-packages\sqlalchemy\orm\state_changes.py", line 137, in _go
    ret_value = fn(self, *arg, **kw)
  File "C:\Users\juand\OneDrive\Documentos\GitHub\Trukly\backend\venv\Lib\site-packages\sqlalchemy\orm\session.py", line 1311, in commit
    self._prepare_impl()
    ~~~~~~~~~~~~~~~~~~^^
  File "<string>", line 2, in _prepare_impl
  File "C:\Users\juand\OneDrive\Documentos\GitHub\Trukly\backend\venv\Lib\site-packages\sqlalchemy\orm\state_changes.py", line 137, in _go
    ret_value = fn(self, *arg, **kw)
  File "C:\Users\juand\OneDrive\Documentos\GitHub\Trukly\backend\venv\Lib\site-packages\sqlalchemy\orm\session.py", line 1286, in _prepare_impl
    self.session.flush()
    ~~~~~~~~~~~~~~~~~~^^
  File "C:\Users\juand\OneDrive\Documentos\GitHub\Trukly\backend\venv\Lib\site-packages\sqlalchemy\orm\session.py", line 4331, in flush
    self._flush(objects)
    ~~~~~~~~~~~^^^^^^^^^
  File "C:\Users\juand\OneDrive\Documentos\GitHub\Trukly\backend\venv\Lib\site-packages\sqlalchemy\orm\session.py", line 4466, in _flush
    with util.safe_reraise():
         ~~~~~~~~~~~~~~~~~^^
  File "C:\Users\juand\OneDrive\Documentos\GitHub\Trukly\backend\venv\Lib\site-packages\sqlalchemy\util\langhelpers.py", line 121, in __exit__
    raise exc_value.with_traceback(exc_tb)
  File "C:\Users\juand\OneDrive\Documentos\GitHub\Trukly\backend\venv\Lib\site-packages\sqlalchemy\orm\session.py", line 4427, in _flush
    flush_context.execute()
    ~~~~~~~~~~~~~~~~~~~~~^^
  File "C:\Users\juand\OneDrive\Documentos\GitHub\Trukly\backend\venv\Lib\site-packages\sqlalchemy\orm\unitofwork.py", line 466, in execute
    rec.execute(self)
    ~~~~~~~~~~~^^^^^^
  File "C:\Users\juand\OneDrive\Documentos\GitHub\Trukly\backend\venv\Lib\site-packages\sqlalchemy\orm\unitofwork.py", line 642, in execute
    util.preloaded.orm_persistence.save_obj(
    ~~~~~~~~~~~~~~~~~~~~~~~~~~~~~~~~~~~~~~~^
        self.mapper,
        ^^^^^^^^^^^^
        uow.states_for_mapper_hierarchy(self.mapper, False, False),
        ^^^^^^^^^^^^^^^^^^^^^^^^^^^^^^^^^^^^^^^^^^^^^^^^^^^^^^^^^^^
        uow,
        ^^^^
    )
    ^
  File "C:\Users\juand\OneDrive\Documentos\GitHub\Trukly\backend\venv\Lib\site-packages\sqlalchemy\orm\persistence.py", line 93, in save_obj
    _emit_insert_statements(
    ~~~~~~~~~~~~~~~~~~~~~~~^
        base_mapper,
        ^^^^^^^^^^^^
    ...<3 lines>...
        insert,
        ^^^^^^^
    )
    ^
  File "C:\Users\juand\OneDrive\Documentos\GitHub\Trukly\backend\venv\Lib\site-packages\sqlalchemy\orm\persistence.py", line 1233, in _emit_insert_statements
    result = connection.execute(
        statement,
        params,
        execution_options=execution_options,
    )
  File "C:\Users\juand\OneDrive\Documentos\GitHub\Trukly\backend\venv\Lib\site-packages\sqlalchemy\engine\base.py", line 1419, in execute
    return meth(
        self,
        distilled_parameters,
        execution_options or NO_OPTIONS,
    )
  File "C:\Users\juand\OneDrive\Documentos\GitHub\Trukly\backend\venv\Lib\site-packages\sqlalchemy\sql\elements.py", line 527, in _execute_on_connection
    return connection._execute_clauseelement(
           ~~~~~~~~~~~~~~~~~~~~~~~~~~~~~~~~~^
        self, distilled_params, execution_options
        ^^^^^^^^^^^^^^^^^^^^^^^^^^^^^^^^^^^^^^^^^
    )
    ^
  File "C:\Users\juand\OneDrive\Documentos\GitHub\Trukly\backend\venv\Lib\site-packages\sqlalchemy\engine\base.py", line 1641, in _execute_clauseelement
    ret = self._execute_context(
        dialect,
    ...<8 lines>...
        cache_hit=cache_hit,
    )
  File "C:\Users\juand\OneDrive\Documentos\GitHub\Trukly\backend\venv\Lib\site-packages\sqlalchemy\engine\base.py", line 1846, in _execute_context
    return self._exec_single_context(
           ~~~~~~~~~~~~~~~~~~~~~~~~~^
        dialect, context, statement, parameters
        ^^^^^^^^^^^^^^^^^^^^^^^^^^^^^^^^^^^^^^^
    )
    ^
  File "C:\Users\juand\OneDrive\Documentos\GitHub\Trukly\backend\venv\Lib\site-packages\sqlalchemy\engine\base.py", line 1986, in _exec_single_context
    self._handle_dbapi_exception(
    ~~~~~~~~~~~~~~~~~~~~~~~~~~~~^
        e, str_statement, effective_parameters, cursor, context
        ^^^^^^^^^^^^^^^^^^^^^^^^^^^^^^^^^^^^^^^^^^^^^^^^^^^^^^^
    )
    ^
  File "C:\Users\juand\OneDrive\Documentos\GitHub\Trukly\backend\venv\Lib\site-packages\sqlalchemy\engine\base.py", line 2363, in _handle_dbapi_exception
    raise sqlalchemy_exception.with_traceback(exc_info[2]) from e
  File "C:\Users\juand\OneDrive\Documentos\GitHub\Trukly\backend\venv\Lib\site-packages\sqlalchemy\engine\base.py", line 1967, in _exec_single_context
    self.dialect.do_execute(
    ~~~~~~~~~~~~~~~~~~~~~~~^
        cursor, str_statement, effective_parameters, context
        ^^^^^^^^^^^^^^^^^^^^^^^^^^^^^^^^^^^^^^^^^^^^^^^^^^^^
    )
    ^
  File "C:\Users\juand\OneDrive\Documentos\GitHub\Trukly\backend\venv\Lib\site-packages\sqlalchemy\engine\default.py", line 952, in do_execute
    cursor.execute(statement, parameters)
    ~~~~~~~~~~~~~~^^^^^^^^^^^^^^^^^^^^^^^
  File "C:\Users\juand\OneDrive\Documentos\GitHub\Trukly\backend\venv\Lib\site-packages\pymysql\cursors.py", line 157, in execute
    result = self._query(query)
  File "C:\Users\juand\OneDrive\Documentos\GitHub\Trukly\backend\venv\Lib\site-packages\pymysql\cursors.py", line 328, in _query
    conn.query(q)
    ~~~~~~~~~~^^^
  File "C:\Users\juand\OneDrive\Documentos\GitHub\Trukly\backend\venv\Lib\site-packages\pymysql\connections.py", line 575, in query
    self._affected_rows = self._read_query_result(unbuffered=unbuffered)
                          ~~~~~~~~~~~~~~~~~~~~~~~^^^^^^^^^^^^^^^^^^^^^^^
  File "C:\Users\juand\OneDrive\Documentos\GitHub\Trukly\backend\venv\Lib\site-packages\pymysql\connections.py", line 826, in _read_query_result
    result.read()
    ~~~~~~~~~~~^^
  File "C:\Users\juand\OneDrive\Documentos\GitHub\Trukly\backend\venv\Lib\site-packages\pymysql\connections.py", line 1203, in read
    first_packet = self.connection._read_packet()
  File "C:\Users\juand\OneDrive\Documentos\GitHub\Trukly\backend\venv\Lib\site-packages\pymysql\connections.py", line 782, in _read_packet
    packet.raise_for_error()
    ~~~~~~~~~~~~~~~~~~~~~~^^
  File "C:\Users\juand\OneDrive\Documentos\GitHub\Trukly\backend\venv\Lib\site-packages\pymysql\protocol.py", line 219, in raise_for_error
    err.raise_mysql_exception(self._data)
    ~~~~~~~~~~~~~~~~~~~~~~~~~^^^^^^^^^^^^
  File "C:\Users\juand\OneDrive\Documentos\GitHub\Trukly\backend\venv\Lib\site-packages\pymysql\err.py", line 150, in raise_mysql_exception
    raise errorclass(errno, errval)
sqlalchemy.exc.IntegrityError: (pymysql.err.IntegrityError) (1452, 'Cannot add or update a child row: a foreign key constraint fails (`trukly`.`viaje`, CONSTRAINT `fk_Viaje_Chofer` FOREIGN KEY (`Chofer_Usuario_idUsuario`) REFERENCES `chofer` (`Usuario_idUsuario`))')
[SQL: INSERT INTO `Viaje` (`OperadorLogistico_Usuario_idUsuario`, `Chofer_Usuario_idUsuario`, `Camion_id_camion`, fecha_salida, fecha_llegada, origen, destino, estado, observaciones, recorrido) VALUES (%(OperadorLogistico_Usuario_idUsuario)s, %(Chofer_Usuario_idUsuario)s, %(Camion_id_camion)s, %(fecha_salida)s, %(fecha_llegada)s, %(origen)s, %(destino)s, %(estado)s, %(observaciones)s, %(recorrido)s)]
[parameters: {'OperadorLogistico_Usuario_idUsuario': 3, 'Chofer_Usuario_idUsuario': 2, 'Camion_id_camion': 4, 'fecha_salida': '2026-06-12', 'fecha_llegada': '2026-06-18', 'origen': 'Chacabuco', 'destino': 'lujan', 'estado': 'pendiente', 'observaciones': '431', 'recorrido': 300.0}]
(Background on this error at: https://sqlalche.me/e/20/gkpj)
